INFO 2024-02-23 21:16:19,213 views 1984 9452 Data insert successfully
INFO 2024-02-23 21:16:36,903 views 1984 9452 Data fetch successfully
INFO 2024-02-23 21:34:44,713 views 11604 3228 Data fetch successfully
ERROR 2024-02-23 21:38:02,125 views 11992 788 show error on updating time
ERROR 2024-02-23 21:41:44,043 views 4516 14012 show error on updating time
ERROR 2024-02-23 21:42:07,172 views 13468 10100 show error on updating time
INFO 2024-02-23 21:42:43,784 views 11712 12312 updated data
INFO 2024-02-23 21:43:53,432 views 11712 12312 Delete Successfully
INFO 2024-02-23 21:44:03,976 views 11712 12312 Data fetch successfully
ERROR 2024-02-23 21:44:29,477 views 11712 12312 No matching data found
INFO 2024-02-23 21:44:38,760 views 11712 12312 updated data
INFO 2024-02-26 10:52:07,624 views 15800 9040 Data fetch successfully
INFO 2024-02-26 10:52:55,382 views 15800 17164 Data fetch successfully
INFO 2024-02-26 11:52:39,202 views 15256 13852 user created successfully
ERROR 2024-02-26 11:57:45,620 views 15256 13852 fetching issue
INFO 2024-02-26 11:58:01,047 views 15256 13852 Data fetch successfully
ERROR 2024-02-26 11:58:51,227 views 15256 13852 insert error
INFO 2024-02-26 11:59:01,144 views 15256 13852 Data insert successfully
INFO 2024-02-26 12:04:28,315 views 8236 12524 Data insert successfully
INFO 2024-02-26 12:08:18,430 views 4536 10320 Data insert successfully
INFO 2024-02-26 12:15:05,673 views 12636 13064 Data insert successfully
INFO 2024-02-26 12:22:36,789 views 9084 1308 Data insert successfully
INFO 2024-02-26 12:24:14,134 views 10192 16640 Data insert successfully
INFO 2024-02-26 12:51:27,560 views 11192 10812 Data fetch successfully
ERROR 2024-02-26 12:52:04,940 views 11192 10812 show error on updating time
INFO 2024-02-26 12:53:52,779 views 11192 10812 Delete Successfully
ERROR 2024-02-26 12:53:52,780 views 11192 10812 Delete time error
INFO 2024-02-26 12:54:13,996 views 11192 10812 Data fetch successfully
ERROR 2024-02-26 12:55:01,028 views 11192 10812 show error on updating time
INFO 2024-02-26 12:56:03,958 views 11192 10812 Delete Successfully
ERROR 2024-02-26 12:56:03,959 views 11192 10812 Delete time error
ERROR 2024-02-26 14:26:05,654 views 13760 12940 Delete time error
ERROR 2024-02-26 14:26:59,565 views 13760 12940 fetching issue
INFO 2024-02-26 14:27:09,353 views 13760 12940 Data fetch successfully
INFO 2024-02-26 14:38:24,472 views 13760 12940 Delete Successfully
ERROR 2024-02-26 14:38:24,473 views 13760 12940 Delete time error
INFO 2024-02-26 14:39:42,923 views 13760 12940 Data fetch successfully
ERROR 2024-02-26 14:40:24,388 views 13760 12940 show error on updating time
INFO 2024-02-27 10:23:11,846 views 14016 1476 Data fetch successfully
INFO 2024-02-27 10:24:39,842 views 14016 1476 Data fetch successfully
INFO 2024-02-27 10:24:46,171 views 14016 1476 updated data
INFO 2024-02-27 10:25:13,777 views 14016 1476 updated data
